<?xml version="1.0" encoding="UTF-8"?> 
<beans xmlns:xsi="http://www.w3.org/2001/XMLSchema-instance"
                xmlns="http://www.springframework.org/schema/beans"
		xmlns:context="http://www.springframework.org/schema/context"
                xmlns:aop="http://www.springframework.org/schema/aop"
                xmlns:jms="http://www.springframework.org/schema/jms"
                xsi:schemaLocation="http://www.springframework.org/schema/beans
                        http://www.springframework.org/schema/beans/spring-beans-3.1.xsd
                        http://www.springframework.org/schema/aop 
                        http://www.springframework.org/schema/aop/spring-aop-3.1.xsd
                        http://www.springframework.org/schema/context
                        http://www.springframework.org/schema/context/spring-context-3.1.xsd
                        http://www.springframework.org/schema/jms 
                		http://www.springframework.org/schema/jms/spring-jms.xsd
                		http://activemq.apache.org/schema/core 
                		http://activemq.apache.org/schema/core/activemq-core.xsd">
</beans>
